ERROR [main] portico.lrc.jgroups: FAILURE createFederation: already exists, name=ExampleFederation
ERROR [main] portico.lrc: federation exists: ExampleFederation
org.portico.lrc.compat.JFederationExecutionAlreadyExists: federation exists: ExampleFederation
	at org.portico.bindings.jgroups.Federation.sendCreateFederation(Federation.java:222)
	at org.portico.bindings.jgroups.JGroupsConnection.createFederation(JGroupsConnection.java:218)
	at org.portico.lrc.services.federation.handlers.outgoing.CreateFederationHandler.process(CreateFederationHandler.java:87)
	at org.portico.utils.messaging.MessageSink.process(MessageSink.java:187)
	at org.portico.impl.hla13.Impl13Helper.processMessage(Impl13Helper.java:123)
	at org.portico.impl.hla13.Rti13Ambassador.processMessage(Rti13Ambassador.java:5822)
	at org.portico.impl.hla13.Rti13Ambassador.createFederationExecution(Rti13Ambassador.java:194)
	at MSK.MainFederate.runFederate(MainFederate.java:60)
	at MSK.MainFederate.main(MainFederate.java:215)
ERROR [main] portico.lrc: Federates still joined: [1]
org.portico.lrc.compat.JFederatesCurrentlyJoined: Federates still joined: [1]
	at org.portico.bindings.jgroups.Federation.sendDestroyFederation(Federation.java:354)
	at org.portico.bindings.jgroups.JGroupsConnection.destroyFederation(JGroupsConnection.java:333)
	at org.portico.lrc.services.federation.handlers.outgoing.DestroyFederationHandler.process(DestroyFederationHandler.java:57)
	at org.portico.utils.messaging.MessageSink.process(MessageSink.java:187)
	at org.portico.impl.hla13.Impl13Helper.processMessage(Impl13Helper.java:123)
	at org.portico.impl.hla13.Rti13Ambassador.processMessage(Rti13Ambassador.java:5822)
	at org.portico.impl.hla13.Rti13Ambassador.destroyFederationExecution(Rti13Ambassador.java:257)
	at MSK.MainFederate.runFederate(MainFederate.java:135)
	at MSK.MainFederate.main(MainFederate.java:215)
